<?xml version="1.0" encoding="UTF-8"?>
<testng-results ignored="0" total="1" passed="1" failed="0" skipped="0">
  <reporter-output>
  </reporter-output>
  <suite started-at="2026-02-20T14:20:31 IST" name="Default suite" finished-at="2026-02-20T14:20:45 IST" duration-ms="14515">
    <groups>
    </groups>
    <test started-at="2026-02-20T14:20:31 IST" name="Default test" finished-at="2026-02-20T14:20:45 IST" duration-ms="14515">
      <class name="Automationpractice.DynamicWebTable">
        <test-method signature="dynamicTable()[pri:0, instance:Automationpractice.DynamicWebTable@7c7a06ec]" started-at="2026-02-20T14:20:31 IST" name="dynamicTable" finished-at="2026-02-20T14:20:45 IST" duration-ms="14453" status="PASS">
          <reporter-output>
          </reporter-output>
        </test-method> <!-- dynamicTable -->
      </class> <!-- Automationpractice.DynamicWebTable -->
    </test> <!-- Default test -->
  </suite> <!-- Default suite -->
</testng-results>
