<?xml version="1.0" encoding="UTF-8"?>
<testng-results ignored="0" total="1" passed="1" failed="0" skipped="0">
  <reporter-output>
  </reporter-output>
  <suite started-at="2026-02-20T12:07:39 IST" name="Default suite" finished-at="2026-02-20T12:07:53 IST" duration-ms="13582">
    <groups>
    </groups>
    <test started-at="2026-02-20T12:07:39 IST" name="Default test" finished-at="2026-02-20T12:07:53 IST" duration-ms="13582">
      <class name="Automationpractice.PaginationTable">
        <test-method signature="paginationtble()[pri:0, instance:Automationpractice.PaginationTable@7c7a06ec]" started-at="2026-02-20T12:07:39 IST" name="paginationtble" finished-at="2026-02-20T12:07:53 IST" duration-ms="13525" status="PASS">
          <reporter-output>
          </reporter-output>
        </test-method> <!-- paginationtble -->
      </class> <!-- Automationpractice.PaginationTable -->
    </test> <!-- Default test -->
  </suite> <!-- Default suite -->
</testng-results>
